<?xml version="1.0" encoding="UTF-8"?>
<!-- Generated by org.testng.reporters.JUnitReportReporter -->
<testsuite hostname="Srivathsan" failures="0" tests="2" name="tests.HomePageTest" time="6.438" errors="0" timestamp="2025-03-03T18:16:25 IST" skipped="0">
  <testcase classname="tests.HomePageTest" name="rateCalculatorTest" time="2.600"/>
  <system-out/>
  <testcase classname="tests.HomePageTest" name="HomeTest" time="3.838"/>
  <system-out/>
</testsuite> <!-- tests.HomePageTest -->
